C:\USERS\GRATT\SOURCE\REPOS\ZPARSEREXTENDER\BIN\ZPARSEREXTENDER.DLL
C:\Users\Gratt\source\repos\zParserExtender\Bin\zParserExtender.exp
C:\Users\Gratt\source\repos\zParserExtender\Bin\zParserExtender.lib
C:\USERS\GRATT\SOURCE\REPOS\ZPARSEREXTENDER\PDB\ZPARSEREXTENDER.PDB
C:\Users\Gratt\source\repos\zParserExtender\zParserExtender\G2A Release\CL.10736.read.1.tlog
C:\Users\Gratt\source\repos\zParserExtender\zParserExtender\G2A Release\CL.10736.write.1.tlog
C:\Users\Gratt\source\repos\zParserExtender\zParserExtender\G2A Release\CL.10768.read.1.tlog
C:\Users\Gratt\source\repos\zParserExtender\zParserExtender\G2A Release\CL.10768.write.1.tlog
C:\Users\Gratt\source\repos\zParserExtender\zParserExtender\G2A Release\CL.12196.read.1.tlog
C:\Users\Gratt\source\repos\zParserExtender\zParserExtender\G2A Release\CL.12196.write.1.tlog
C:\Users\Gratt\source\repos\zParserExtender\zParserExtender\G2A Release\CL.14524.read.1.tlog
C:\Users\Gratt\source\repos\zParserExtender\zParserExtender\G2A Release\CL.14524.write.1.tlog
C:\Users\Gratt\source\repos\zParserExtender\zParserExtender\G2A Release\CL.15272.read.1.tlog
C:\Users\Gratt\source\repos\zParserExtender\zParserExtender\G2A Release\CL.15272.write.1.tlog
C:\Users\Gratt\source\repos\zParserExtender\zParserExtender\G2A Release\CL.16172.read.1.tlog
C:\Users\Gratt\source\repos\zParserExtender\zParserExtender\G2A Release\CL.16172.write.1.tlog
C:\Users\Gratt\source\repos\zParserExtender\zParserExtender\G2A Release\CL.16212.read.1.tlog
C:\Users\Gratt\source\repos\zParserExtender\zParserExtender\G2A Release\CL.16212.write.1.tlog
C:\Users\Gratt\source\repos\zParserExtender\zParserExtender\G2A Release\CL.16808.read.1.tlog
C:\Users\Gratt\source\repos\zParserExtender\zParserExtender\G2A Release\CL.16808.write.1.tlog
C:\Users\Gratt\source\repos\zParserExtender\zParserExtender\G2A Release\CL.17172.read.1.tlog
C:\Users\Gratt\source\repos\zParserExtender\zParserExtender\G2A Release\CL.17172.write.1.tlog
C:\Users\Gratt\source\repos\zParserExtender\zParserExtender\G2A Release\CL.17600.read.1.tlog
C:\Users\Gratt\source\repos\zParserExtender\zParserExtender\G2A Release\CL.17600.write.1.tlog
C:\Users\Gratt\source\repos\zParserExtender\zParserExtender\G2A Release\CL.18244.read.1.tlog
C:\Users\Gratt\source\repos\zParserExtender\zParserExtender\G2A Release\CL.18244.write.1.tlog
C:\Users\Gratt\source\repos\zParserExtender\zParserExtender\G2A Release\CL.18356.read.1.tlog
C:\Users\Gratt\source\repos\zParserExtender\zParserExtender\G2A Release\CL.18356.write.1.tlog
C:\Users\Gratt\source\repos\zParserExtender\zParserExtender\G2A Release\CL.18828.read.1.tlog
C:\Users\Gratt\source\repos\zParserExtender\zParserExtender\G2A Release\CL.18828.write.1.tlog
C:\Users\Gratt\source\repos\zParserExtender\zParserExtender\G2A Release\CL.19220.read.1.tlog
C:\Users\Gratt\source\repos\zParserExtender\zParserExtender\G2A Release\CL.19220.write.1.tlog
C:\Users\Gratt\source\repos\zParserExtender\zParserExtender\G2A Release\CL.20072.read.1.tlog
C:\Users\Gratt\source\repos\zParserExtender\zParserExtender\G2A Release\CL.20072.write.1.tlog
C:\Users\Gratt\source\repos\zParserExtender\zParserExtender\G2A Release\CL.20080.read.1.tlog
C:\Users\Gratt\source\repos\zParserExtender\zParserExtender\G2A Release\CL.20080.write.1.tlog
C:\Users\Gratt\source\repos\zParserExtender\zParserExtender\G2A Release\CL.20320.read.1.tlog
C:\Users\Gratt\source\repos\zParserExtender\zParserExtender\G2A Release\CL.20320.write.1.tlog
C:\Users\Gratt\source\repos\zParserExtender\zParserExtender\G2A Release\CL.20412.read.1.tlog
C:\Users\Gratt\source\repos\zParserExtender\zParserExtender\G2A Release\CL.20412.write.1.tlog
C:\Users\Gratt\source\repos\zParserExtender\zParserExtender\G2A Release\CL.20476.read.1.tlog
C:\Users\Gratt\source\repos\zParserExtender\zParserExtender\G2A Release\CL.20476.write.1.tlog
C:\Users\Gratt\source\repos\zParserExtender\zParserExtender\G2A Release\CL.21072.read.1.tlog
C:\Users\Gratt\source\repos\zParserExtender\zParserExtender\G2A Release\CL.21072.write.1.tlog
C:\Users\Gratt\source\repos\zParserExtender\zParserExtender\G2A Release\CL.21092.read.1.tlog
C:\Users\Gratt\source\repos\zParserExtender\zParserExtender\G2A Release\CL.21092.write.1.tlog
C:\Users\Gratt\source\repos\zParserExtender\zParserExtender\G2A Release\CL.21408.read.1.tlog
C:\Users\Gratt\source\repos\zParserExtender\zParserExtender\G2A Release\CL.21408.write.1.tlog
C:\Users\Gratt\source\repos\zParserExtender\zParserExtender\G2A Release\CL.22200.read.1.tlog
C:\Users\Gratt\source\repos\zParserExtender\zParserExtender\G2A Release\CL.22200.write.1.tlog
C:\Users\Gratt\source\repos\zParserExtender\zParserExtender\G2A Release\CL.22600.read.1.tlog
C:\Users\Gratt\source\repos\zParserExtender\zParserExtender\G2A Release\CL.22600.write.1.tlog
C:\Users\Gratt\source\repos\zParserExtender\zParserExtender\G2A Release\CL.22720.read.1.tlog
C:\Users\Gratt\source\repos\zParserExtender\zParserExtender\G2A Release\CL.22720.write.1.tlog
C:\Users\Gratt\source\repos\zParserExtender\zParserExtender\G2A Release\CL.22920.read.1.tlog
C:\Users\Gratt\source\repos\zParserExtender\zParserExtender\G2A Release\CL.22920.write.1.tlog
C:\Users\Gratt\source\repos\zParserExtender\zParserExtender\G2A Release\CL.23604.read.1.tlog
C:\Users\Gratt\source\repos\zParserExtender\zParserExtender\G2A Release\CL.23604.write.1.tlog
C:\Users\Gratt\source\repos\zParserExtender\zParserExtender\G2A Release\CL.23904.read.1.tlog
C:\Users\Gratt\source\repos\zParserExtender\zParserExtender\G2A Release\CL.23904.write.1.tlog
C:\Users\Gratt\source\repos\zParserExtender\zParserExtender\G2A Release\CL.24248.read.1.tlog
C:\Users\Gratt\source\repos\zParserExtender\zParserExtender\G2A Release\CL.24248.write.1.tlog
C:\Users\Gratt\source\repos\zParserExtender\zParserExtender\G2A Release\CL.24876.read.1.tlog
C:\Users\Gratt\source\repos\zParserExtender\zParserExtender\G2A Release\CL.24876.write.1.tlog
C:\Users\Gratt\source\repos\zParserExtender\zParserExtender\G2A Release\CL.25208.read.1.tlog
C:\Users\Gratt\source\repos\zParserExtender\zParserExtender\G2A Release\CL.25208.write.1.tlog
C:\Users\Gratt\source\repos\zParserExtender\zParserExtender\G2A Release\CL.25688.read.1.tlog
C:\Users\Gratt\source\repos\zParserExtender\zParserExtender\G2A Release\CL.25688.write.1.tlog
C:\Users\Gratt\source\repos\zParserExtender\zParserExtender\G2A Release\CL.26080.read.1.tlog
C:\Users\Gratt\source\repos\zParserExtender\zParserExtender\G2A Release\CL.26080.write.1.tlog
C:\Users\Gratt\source\repos\zParserExtender\zParserExtender\G2A Release\CL.2668.read.1.tlog
C:\Users\Gratt\source\repos\zParserExtender\zParserExtender\G2A Release\CL.2668.write.1.tlog
C:\Users\Gratt\source\repos\zParserExtender\zParserExtender\G2A Release\CL.8656.read.1.tlog
C:\Users\Gratt\source\repos\zParserExtender\zParserExtender\G2A Release\CL.8656.write.1.tlog
C:\Users\Gratt\source\repos\zParserExtender\zParserExtender\G2A Release\CL.9428.read.1.tlog
C:\Users\Gratt\source\repos\zParserExtender\zParserExtender\G2A Release\CL.9428.write.1.tlog
C:\Users\Gratt\source\repos\zParserExtender\zParserExtender\G2A Release\CL.9432.read.1.tlog
C:\Users\Gratt\source\repos\zParserExtender\zParserExtender\G2A Release\CL.9432.write.1.tlog
C:\Users\Gratt\source\repos\zParserExtender\zParserExtender\G2A Release\CL.9752.read.1.tlog
C:\Users\Gratt\source\repos\zParserExtender\zParserExtender\G2A Release\CL.9752.write.1.tlog
C:\Users\Gratt\source\repos\zParserExtender\zParserExtender\G2A Release\cl.command.1.tlog
C:\Users\Gratt\source\repos\zParserExtender\zParserExtender\G2A Release\CL.read.1.tlog
C:\Users\Gratt\source\repos\zParserExtender\zParserExtender\G2A Release\cl.write.1.tlog
C:\USERS\GRATT\SOURCE\REPOS\ZPARSEREXTENDER\ZPARSEREXTENDER\G2A RELEASE\CLASSDECLARATORS_G1.OBJ
C:\USERS\GRATT\SOURCE\REPOS\ZPARSEREXTENDER\ZPARSEREXTENDER\G2A RELEASE\CLASSDECLARATORS_G1A.OBJ
C:\USERS\GRATT\SOURCE\REPOS\ZPARSEREXTENDER\ZPARSEREXTENDER\G2A RELEASE\CLASSDECLARATORS_G2.OBJ
C:\USERS\GRATT\SOURCE\REPOS\ZPARSEREXTENDER\ZPARSEREXTENDER\G2A RELEASE\CLASSDECLARATORS_G2A.OBJ
C:\USERS\GRATT\SOURCE\REPOS\ZPARSEREXTENDER\ZPARSEREXTENDER\G2A RELEASE\DLLMAIN.OBJ
C:\USERS\GRATT\SOURCE\REPOS\ZPARSEREXTENDER\ZPARSEREXTENDER\G2A RELEASE\GLOBALS_G1.OBJ
C:\USERS\GRATT\SOURCE\REPOS\ZPARSEREXTENDER\ZPARSEREXTENDER\G2A RELEASE\GLOBALS_G1A.OBJ
C:\USERS\GRATT\SOURCE\REPOS\ZPARSEREXTENDER\ZPARSEREXTENDER\G2A RELEASE\GLOBALS_G2.OBJ
C:\USERS\GRATT\SOURCE\REPOS\ZPARSEREXTENDER\ZPARSEREXTENDER\G2A RELEASE\GLOBALS_G2A.OBJ
C:\USERS\GRATT\SOURCE\REPOS\ZPARSEREXTENDER\ZPARSEREXTENDER\G2A RELEASE\INTERFACE.OBJ
C:\Users\Gratt\source\repos\zParserExtender\zParserExtender\G2A Release\link.command.1.tlog
C:\Users\Gratt\source\repos\zParserExtender\zParserExtender\G2A Release\link.read.1.tlog
C:\Users\Gratt\source\repos\zParserExtender\zParserExtender\G2A Release\link.write.1.tlog
C:\Users\Gratt\source\repos\zParserExtender\zParserExtender\G2A Release\mt.command.1.tlog
C:\Users\Gratt\source\repos\zParserExtender\zParserExtender\G2A Release\mt.read.1.tlog
C:\Users\Gratt\source\repos\zParserExtender\zParserExtender\G2A Release\mt.write.1.tlog
C:\USERS\GRATT\SOURCE\REPOS\ZPARSEREXTENDER\ZPARSEREXTENDER\G2A RELEASE\STATICS_G1.OBJ
C:\USERS\GRATT\SOURCE\REPOS\ZPARSEREXTENDER\ZPARSEREXTENDER\G2A RELEASE\STATICS_G1A.OBJ
C:\USERS\GRATT\SOURCE\REPOS\ZPARSEREXTENDER\ZPARSEREXTENDER\G2A RELEASE\STATICS_G2.OBJ
C:\USERS\GRATT\SOURCE\REPOS\ZPARSEREXTENDER\ZPARSEREXTENDER\G2A RELEASE\STATICS_G2A.OBJ
C:\USERS\GRATT\SOURCE\REPOS\ZPARSEREXTENDER\ZPARSEREXTENDER\G2A RELEASE\VC100.PDB
C:\USERS\GRATT\SOURCE\REPOS\ZPARSEREXTENDER\ZPARSEREXTENDER\G2A RELEASE\ZPARSEREXTENDER.DLL.INTERMEDIATE.MANIFEST
C:\Users\Gratt\source\repos\zParserExtender\zParserExtender\G2A Release\zParserExtender.write.1.tlog
